<?xml version="1.0" encoding="UTF-8" standalone="yes"?><!DOCTYPE report PUBLIC "-//JACOCO//DTD Report 1.1//EN" "report.dtd"><report name="my-project"><sessioninfo id="DESKTOP-D5D7BH5-f5789105" start="1764241868372" dump="1764241870463"/><sessioninfo id="DESKTOP-D5D7BH5-c049dde8" start="1764241868373" dump="1764241870483"/><sessioninfo id="DESKTOP-D5D7BH5-bdc09d6f" start="1764245571359" dump="1764245576046"/><sessioninfo id="DESKTOP-D5D7BH5-c00863d9" start="1764245571267" dump="1764245576093"/><sessioninfo id="DESKTOP-D5D7BH5-9205d690" start="1764245657752" dump="1764245662641"/><sessioninfo id="DESKTOP-D5D7BH5-547b21de" start="1764245657730" dump="1764245662744"/><sessioninfo id="DESKTOP-D5D7BH5-da915b90" start="1764245855873" dump="1764245860668"/><sessioninfo id="DESKTOP-D5D7BH5-1918345" start="1764245855895" dump="1764245860800"/><sessioninfo id="DESKTOP-D5D7BH5-db8e3bec" start="1764245937959" dump="1764245942526"/><sessioninfo id="DESKTOP-D5D7BH5-6da90728" start="1764245937935" dump="1764245942579"/><sessioninfo id="DESKTOP-D5D7BH5-74452ebf" start="1764419187573" dump="1764419192146"/><sessioninfo id="DESKTOP-D5D7BH5-ee3c1076" start="1764419187571" dump="1764419192231"/><sessioninfo id="DESKTOP-D5D7BH5-7c15f6fe" start="1764420448196" dump="1764420452740"/><sessioninfo id="DESKTOP-D5D7BH5-575c9d56" start="1764420448200" dump="1764420452829"/><sessioninfo id="DESKTOP-D5D7BH5-2dd3d37d" start="1764421129421" dump="1764421133304"/><sessioninfo id="DESKTOP-D5D7BH5-a9af6cf6" start="1764421130645" dump="1764421134339"/><sessioninfo id="DESKTOP-D5D7BH5-7fd771d5" start="1764421375744" dump="1764421380265"/><sessioninfo id="DESKTOP-D5D7BH5-c890e720" start="1764421375744" dump="1764421380390"/><sessioninfo id="DESKTOP-D5D7BH5-631f5446" start="1764421601475" dump="1764421605619"/><sessioninfo id="DESKTOP-D5D7BH5-f22de7ac" start="1764421601454" dump="1764421605739"/><sessioninfo id="DESKTOP-D5D7BH5-6f09bf31" start="1764421957589" dump="1764421961992"/><sessioninfo id="DESKTOP-D5D7BH5-e34b3701" start="1764421957629" dump="1764421962145"/><sessioninfo id="DESKTOP-D5D7BH5-97c1fb53" start="1764422755803" dump="1764422760347"/><sessioninfo id="DESKTOP-D5D7BH5-cb326cd6" start="1764422755803" dump="1764422760403"/><sessioninfo id="DESKTOP-D5D7BH5-85434d7a" start="1764426395182" dump="1764426400590"/><sessioninfo id="DESKTOP-D5D7BH5-93e25d39" start="1764426395595" dump="1764426401069"/><sessioninfo id="DESKTOP-D5D7BH5-aadfbf6d" start="1764426672123" dump="1764426676045"/><sessioninfo id="DESKTOP-D5D7BH5-4c43c875" start="1764426672131" dump="1764426676176"/><sessioninfo id="DESKTOP-D5D7BH5-cc281edd" start="1764426725171" dump="1764426731585"/><sessioninfo id="DESKTOP-D5D7BH5-4f78a713" start="1764426728014" dump="1764426733683"/><package name="com/example"><class name="com/example/Order" sourcefilename="Order.java"><method name="&lt;init&gt;" desc="()V" line="5"><counter type="INSTRUCTION" missed="0" covered="6"/><counter type="LINE" missed="0" covered="2"/><counter type="COMPLEXITY" missed="0" covered="1"/><counter type="METHOD" missed="0" covered="1"/></method><method name="getStatus" desc="()Lcom/example/RegisterOrder$PaymentStatus;" line="9"><counter type="INSTRUCTION" missed="0" covered="3"/><counter type="LINE" missed="0" covered="1"/><counter type="COMPLEXITY" missed="0" covered="1"/><counter type="METHOD" missed="0" covered="1"/></method><method name="setStatus" desc="(Lcom/example/RegisterOrder$PaymentStatus;)V" line="13"><counter type="INSTRUCTION" missed="0" covered="4"/><counter type="LINE" missed="0" covered="2"/><counter type="COMPLEXITY" missed="0" covered="1"/><counter type="METHOD" missed="0" covered="1"/></method><counter type="INSTRUCTION" missed="0" covered="13"/><counter type="LINE" missed="0" covered="5"/><counter type="COMPLEXITY" missed="0" covered="3"/><counter type="METHOD" missed="0" covered="3"/><counter type="CLASS" missed="0" covered="1"/></class><class name="com/example/RegisterOrder$PaymentStatus" sourcefilename="RegisterOrder.java"><method name="&lt;clinit&gt;" desc="()V" line="12"><counter type="INSTRUCTION" missed="0" covered="27"/><counter type="LINE" missed="0" covered="5"/><counter type="COMPLEXITY" missed="0" covered="1"/><counter type="METHOD" missed="0" covered="1"/></method><counter type="INSTRUCTION" missed="0" covered="27"/><counter type="LINE" missed="0" covered="5"/><counter type="COMPLEXITY" missed="0" covered="1"/><counter type="METHOD" missed="0" covered="1"/><counter type="CLASS" missed="0" covered="1"/></class><class name="com/example/RegisterOrder" sourcefilename="RegisterOrder.java"><method name="&lt;init&gt;" desc="(IZLcom/example/RegisterOrder$PaymentStatus;)V" line="9"><counter type="INSTRUCTION" missed="0" covered="22"/><counter type="LINE" missed="0" covered="7"/><counter type="COMPLEXITY" missed="0" covered="1"/><counter type="METHOD" missed="0" covered="1"/></method><counter type="INSTRUCTION" missed="0" covered="22"/><counter type="LINE" missed="0" covered="7"/><counter type="COMPLEXITY" missed="0" covered="1"/><counter type="METHOD" missed="0" covered="1"/><counter type="CLASS" missed="0" covered="1"/></class><class name="com/example/PaymentService" sourcefilename="PaymentService.java"><method name="&lt;init&gt;" desc="(Lcom/example/PaymentGateway;)V" line="9"><counter type="INSTRUCTION" missed="0" covered="6"/><counter type="LINE" missed="0" covered="3"/><counter type="COMPLEXITY" missed="0" covered="1"/><counter type="METHOD" missed="0" covered="1"/></method><method name="pay" desc="(Lcom/example/Order;)V" line="15"><counter type="INSTRUCTION" missed="0" covered="15"/><counter type="BRANCH" missed="0" covered="2"/><counter type="LINE" missed="0" covered="6"/><counter type="COMPLEXITY" missed="0" covered="2"/><counter type="METHOD" missed="0" covered="1"/></method><counter type="INSTRUCTION" missed="0" covered="21"/><counter type="BRANCH" missed="0" covered="2"/><counter type="LINE" missed="0" covered="9"/><counter type="COMPLEXITY" missed="0" covered="3"/><counter type="METHOD" missed="0" covered="2"/><counter type="CLASS" missed="0" covered="1"/></class><class name="com/example/PaymentGateway" sourcefilename="PaymentGateway.java"/><sourcefile name="PaymentGateway.java"/><sourcefile name="RegisterOrder.java"><line nr="9" mi="0" ci="5" mb="0" cb="0"/><line nr="10" mi="0" ci="5" mb="0" cb="0"/><line nr="12" mi="0" ci="3" mb="0" cb="0"/><line nr="13" mi="0" ci="6" mb="0" cb="0"/><line nr="14" mi="0" ci="6" mb="0" cb="0"/><line nr="15" mi="0" ci="6" mb="0" cb="0"/><line nr="16" mi="0" ci="6" mb="0" cb="0"/><line nr="22" mi="0" ci="2" mb="0" cb="0"/><line nr="23" mi="0" ci="3" mb="0" cb="0"/><line nr="24" mi="0" ci="3" mb="0" cb="0"/><line nr="25" mi="0" ci="3" mb="0" cb="0"/><line nr="26" mi="0" ci="1" mb="0" cb="0"/><counter type="INSTRUCTION" missed="0" covered="49"/><counter type="LINE" missed="0" covered="12"/><counter type="COMPLEXITY" missed="0" covered="2"/><counter type="METHOD" missed="0" covered="2"/><counter type="CLASS" missed="0" covered="2"/></sourcefile><sourcefile name="PaymentService.java"><line nr="9" mi="0" ci="2" mb="0" cb="0"/><line nr="10" mi="0" ci="3" mb="0" cb="0"/><line nr="11" mi="0" ci="1" mb="0" cb="0"/><line nr="15" mi="0" ci="5" mb="0" cb="0"/><line nr="17" mi="0" ci="2" mb="0" cb="2"/><line nr="18" mi="0" ci="3" mb="0" cb="0"/><line nr="19" mi="0" ci="1" mb="0" cb="0"/><line nr="20" mi="0" ci="3" mb="0" cb="0"/><line nr="22" mi="0" ci="1" mb="0" cb="0"/><counter type="INSTRUCTION" missed="0" covered="21"/><counter type="BRANCH" missed="0" covered="2"/><counter type="LINE" missed="0" covered="9"/><counter type="COMPLEXITY" missed="0" covered="3"/><counter type="METHOD" missed="0" covered="2"/><counter type="CLASS" missed="0" covered="1"/></sourcefile><sourcefile name="Order.java"><line nr="5" mi="0" ci="2" mb="0" cb="0"/><line nr="6" mi="0" ci="4" mb="0" cb="0"/><line nr="9" mi="0" ci="3" mb="0" cb="0"/><line nr="13" mi="0" ci="3" mb="0" cb="0"/><line nr="14" mi="0" ci="1" mb="0" cb="0"/><counter type="INSTRUCTION" missed="0" covered="13"/><counter type="LINE" missed="0" covered="5"/><counter type="COMPLEXITY" missed="0" covered="3"/><counter type="METHOD" missed="0" covered="3"/><counter type="CLASS" missed="0" covered="1"/></sourcefile><counter type="INSTRUCTION" missed="0" covered="83"/><counter type="BRANCH" missed="0" covered="2"/><counter type="LINE" missed="0" covered="26"/><counter type="COMPLEXITY" missed="0" covered="8"/><counter type="METHOD" missed="0" covered="7"/><counter type="CLASS" missed="0" covered="4"/></package><counter type="INSTRUCTION" missed="0" covered="83"/><counter type="BRANCH" missed="0" covered="2"/><counter type="LINE" missed="0" covered="26"/><counter type="COMPLEXITY" missed="0" covered="8"/><counter type="METHOD" missed="0" covered="7"/><counter type="CLASS" missed="0" covered="4"/></report>